<?xml version="1.0" encoding="UTF-8"?>
<!-- Generated by org.testng.reporters.JUnitXMLReporter -->
<testsuite hostname="DESKTOP-86N1T3I" ignored="0" name="BankingAppTest" tests="3" failures="0" timestamp="2021-01-24T18:37:25 IST" time="90.737" errors="0">
  <testcase name="loginTest" time="0.25" classname="com.iNetBanking.TestCases.TC_LoginTest_001"/>
  <testcase name="addCustomerTest" time="24.847" classname="com.iNetBanking.TestCases.TC_AddCustomerTest_002"/>
  <testcase name="addCustomerTest" time="23.284" classname="com.iNetBanking.TestCases.TC_AddCustomerTest_002"/>
</testsuite> <!-- BankingAppTest -->
